  Main.cpp
D:\202127050 이아현\2학년 2학기\3D프로그래밍\과제\3DProgramming\Midterm exam\Matrix\Matrix\MuSoenMath.h(13,17): warning C4838: 'float'에서 'int'(으)로의 변환에는 축소 변환이 필요합니다.
D:\202127050 이아현\2학년 2학기\3D프로그래밍\과제\3DProgramming\Midterm exam\Matrix\Matrix\MuSoenMath.h(13,17): warning C4244: '초기화 중': 'float'에서 'int'(으)로 변환하면서 데이터가 손실될 수 있습니다.
D:\202127050 이아현\2학년 2학기\3D프로그래밍\과제\3DProgramming\Midterm exam\Matrix\Matrix\MuSoenMath.h(13,20): warning C4838: 'float'에서 'int'(으)로의 변환에는 축소 변환이 필요합니다.
D:\202127050 이아현\2학년 2학기\3D프로그래밍\과제\3DProgramming\Midterm exam\Matrix\Matrix\MuSoenMath.h(13,20): warning C4244: '초기화 중': 'float'에서 'int'(으)로 변환하면서 데이터가 손실될 수 있습니다.
D:\202127050 이아현\2학년 2학기\3D프로그래밍\과제\3DProgramming\Midterm exam\Matrix\Matrix\MuSoenMath.h(13,23): warning C4838: 'float'에서 'int'(으)로의 변환에는 축소 변환이 필요합니다.
D:\202127050 이아현\2학년 2학기\3D프로그래밍\과제\3DProgramming\Midterm exam\Matrix\Matrix\MuSoenMath.h(13,23): warning C4244: '초기화 중': 'float'에서 'int'(으)로 변환하면서 데이터가 손실될 수 있습니다.
D:\202127050 이아현\2학년 2학기\3D프로그래밍\과제\3DProgramming\Midterm exam\Matrix\Matrix\MuSoenMath.h(13,26): warning C4838: 'float'에서 'int'(으)로의 변환에는 축소 변환이 필요합니다.
D:\202127050 이아현\2학년 2학기\3D프로그래밍\과제\3DProgramming\Midterm exam\Matrix\Matrix\MuSoenMath.h(13,26): warning C4244: '초기화 중': 'float'에서 'int'(으)로 변환하면서 데이터가 손실될 수 있습니다.
D:\202127050 이아현\2학년 2학기\3D프로그래밍\과제\3DProgramming\Midterm exam\Matrix\Matrix\MuSoenMath.h(13,29): warning C4838: 'float'에서 'int'(으)로의 변환에는 축소 변환이 필요합니다.
D:\202127050 이아현\2학년 2학기\3D프로그래밍\과제\3DProgramming\Midterm exam\Matrix\Matrix\MuSoenMath.h(13,29): warning C4244: '초기화 중': 'float'에서 'int'(으)로 변환하면서 데이터가 손실될 수 있습니다.
D:\202127050 이아현\2학년 2학기\3D프로그래밍\과제\3DProgramming\Midterm exam\Matrix\Matrix\MuSoenMath.h(13,32): warning C4838: 'float'에서 'int'(으)로의 변환에는 축소 변환이 필요합니다.
D:\202127050 이아현\2학년 2학기\3D프로그래밍\과제\3DProgramming\Midterm exam\Matrix\Matrix\MuSoenMath.h(13,32): warning C4244: '초기화 중': 'float'에서 'int'(으)로 변환하면서 데이터가 손실될 수 있습니다.
D:\202127050 이아현\2학년 2학기\3D프로그래밍\과제\3DProgramming\Midterm exam\Matrix\Matrix\MuSoenMath.h(13,35): warning C4838: 'float'에서 'int'(으)로의 변환에는 축소 변환이 필요합니다.
D:\202127050 이아현\2학년 2학기\3D프로그래밍\과제\3DProgramming\Midterm exam\Matrix\Matrix\MuSoenMath.h(13,35): warning C4244: '초기화 중': 'float'에서 'int'(으)로 변환하면서 데이터가 손실될 수 있습니다.
D:\202127050 이아현\2학년 2학기\3D프로그래밍\과제\3DProgramming\Midterm exam\Matrix\Matrix\MuSoenMath.h(13,38): warning C4838: 'float'에서 'int'(으)로의 변환에는 축소 변환이 필요합니다.
D:\202127050 이아현\2학년 2학기\3D프로그래밍\과제\3DProgramming\Midterm exam\Matrix\Matrix\MuSoenMath.h(13,38): warning C4244: '초기화 중': 'float'에서 'int'(으)로 변환하면서 데이터가 손실될 수 있습니다.
D:\202127050 이아현\2학년 2학기\3D프로그래밍\과제\3DProgramming\Midterm exam\Matrix\Matrix\MuSoenMath.h(13,41): warning C4838: 'float'에서 'int'(으)로의 변환에는 축소 변환이 필요합니다.
D:\202127050 이아현\2학년 2학기\3D프로그래밍\과제\3DProgramming\Midterm exam\Matrix\Matrix\MuSoenMath.h(13,41): warning C4244: '초기화 중': 'float'에서 'int'(으)로 변환하면서 데이터가 손실될 수 있습니다.
D:\202127050 이아현\2학년 2학기\3D프로그래밍\과제\3DProgramming\Midterm exam\Matrix\Matrix\MuSoenMath.h(34,17): warning C4838: 'float'에서 'int'(으)로의 변환에는 축소 변환이 필요합니다.
D:\202127050 이아현\2학년 2학기\3D프로그래밍\과제\3DProgramming\Midterm exam\Matrix\Matrix\MuSoenMath.h(34,17): warning C4244: '초기화 중': 'float'에서 'int'(으)로 변환하면서 데이터가 손실될 수 있습니다.
D:\202127050 이아현\2학년 2학기\3D프로그래밍\과제\3DProgramming\Midterm exam\Matrix\Matrix\MuSoenMath.h(34,20): warning C4838: 'float'에서 'int'(으)로의 변환에는 축소 변환이 필요합니다.
D:\202127050 이아현\2학년 2학기\3D프로그래밍\과제\3DProgramming\Midterm exam\Matrix\Matrix\MuSoenMath.h(34,20): warning C4244: '초기화 중': 'float'에서 'int'(으)로 변환하면서 데이터가 손실될 수 있습니다.
D:\202127050 이아현\2학년 2학기\3D프로그래밍\과제\3DProgramming\Midterm exam\Matrix\Matrix\MuSoenMath.h(34,23): warning C4838: 'float'에서 'int'(으)로의 변환에는 축소 변환이 필요합니다.
D:\202127050 이아현\2학년 2학기\3D프로그래밍\과제\3DProgramming\Midterm exam\Matrix\Matrix\MuSoenMath.h(34,23): warning C4244: '초기화 중': 'float'에서 'int'(으)로 변환하면서 데이터가 손실될 수 있습니다.
D:\202127050 이아현\2학년 2학기\3D프로그래밍\과제\3DProgramming\Midterm exam\Matrix\Matrix\Main.cpp(6,14): warning C4326: 'main'의 반환 형식이 'int'이어야 하는데 'void'입니다.
D:\202127050 이아현\2학년 2학기\3D프로그래밍\과제\3DProgramming\Midterm exam\Matrix\Matrix\Main.cpp(17,41): warning C4244: '인수': 'double'에서 'float'(으)로 변환하면서 데이터가 손실될 수 있습니다.
D:\202127050 이아현\2학년 2학기\3D프로그래밍\과제\3DProgramming\Midterm exam\Matrix\Matrix\Main.cpp(17,13): warning C4244: '인수': 'double'에서 'float'(으)로 변환하면서 데이터가 손실될 수 있습니다.
D:\202127050 이아현\2학년 2학기\3D프로그래밍\과제\3DProgramming\Midterm exam\Matrix\Matrix\Main.cpp(16,50): warning C4244: '인수': 'double'에서 'float'(으)로 변환하면서 데이터가 손실될 수 있습니다.
D:\202127050 이아현\2학년 2학기\3D프로그래밍\과제\3DProgramming\Midterm exam\Matrix\Matrix\Main.cpp(16,25): warning C4244: '인수': 'double'에서 'float'(으)로 변환하면서 데이터가 손실될 수 있습니다.
  Matrix.vcxproj -> D:\202127050 이아현\2학년 2학기\3D프로그래밍\과제\3DProgramming\Midterm exam\Matrix\x64\Debug\Matrix.exe
